<?xml version="1.0" encoding="UTF-8"?>
<!-- Generated by org.testng.reporters.JUnitReportReporter -->
<testsuite skipped="0" hostname="PC1" name="com.bookit.tests.API1" tests="5" failures="0" timestamp="12 Jan 2019 22:04:20 GMT" time="6.381" errors="0">
  <testcase name="verifyRegionCount" time="0.728" classname="com.bookit.tests.API1"/>
  <testcase name="verifyLastName" time="1.106" classname="com.bookit.tests.API1"/>
  <testcase name="getWithHeaders" time="2.793" classname="com.bookit.tests.API1"/>
  <testcase name="simpleStatusCode" time="0.946" classname="com.bookit.tests.API1"/>
  <testcase name="printResponse" time="0.808" classname="com.bookit.tests.API1"/>
</testsuite> <!-- com.bookit.tests.API1 -->
