<?xml version="1.0" encoding="UTF-8"?>
<!-- Generated by org.testng.reporters.JUnitReportReporter -->
<testsuite skipped="0" hostname="PC1" name="com.bookit.tests.API1" tests="1" failures="0" timestamp="18 Jan 2019 19:39:53 GMT" time="5.801" errors="0">
  <testcase name="verifyRegionCount" time="5.801" classname="com.bookit.tests.API1"/>
</testsuite> <!-- com.bookit.tests.API1 -->
