<?xml version="1.0" encoding="UTF-8"?>
<!-- Generated by org.testng.reporters.JUnitReportReporter -->
<testsuite skipped="5" hostname="PC1" name="com.bookit.tests.JDBCTest" tests="6" failures="0" timestamp="09 Jan 2019 14:03:36 GMT" time="0.205" errors="0">
  <testcase name="PostGreSQL" time="0.205" classname="com.bookit.tests.JDBCTest"/>
  <testcase name="JDBCMetaData" classname="com.bookit.tests.JDBCTest">
    <skipped/>
  </testcase> <!-- JDBCMetaData -->
  <testcase name="DBUtilDynamic" classname="com.bookit.tests.JDBCTest">
    <skipped/>
  </testcase> <!-- DBUtilDynamic -->
  <testcase name="useDBUtils2" classname="com.bookit.tests.JDBCTest">
    <skipped/>
  </testcase> <!-- useDBUtils2 -->
  <testcase name="useDBUtils" classname="com.bookit.tests.JDBCTest">
    <skipped/>
  </testcase> <!-- useDBUtils -->
  <testcase name="DBUtil" classname="com.bookit.tests.JDBCTest">
    <skipped/>
  </testcase> <!-- DBUtil -->
</testsuite> <!-- com.bookit.tests.JDBCTest -->
